<?xml version="1.0" encoding="UTF-8"?>
<testng-results ignored="0" total="1" passed="1" failed="0" skipped="0">
  <reporter-output>
  </reporter-output>
  <suite started-at="2025-03-25T18:50:09 IST" name="Default suite" finished-at="2025-03-25T18:50:25 IST" duration-ms="16048">
    <groups>
    </groups>
    <test started-at="2025-03-25T18:50:09 IST" name="Default test" finished-at="2025-03-25T18:50:25 IST" duration-ms="16048">
      <class name="smoke.ValidateCheckOut">
        <test-method is-config="true" signature="beforeTest()[pri:0, instance:smoke.ValidateCheckOut@1aa7ecca]" started-at="2025-03-25T18:50:09 IST" name="beforeTest" finished-at="2025-03-25T18:50:09 IST" duration-ms="8" status="PASS">
          <reporter-output>
          </reporter-output>
        </test-method> <!-- beforeTest -->
        <test-method signature="validateCheckOutTest()[pri:0, instance:smoke.ValidateCheckOut@1aa7ecca]" started-at="2025-03-25T18:50:09 IST" name="validateCheckOutTest" finished-at="2025-03-25T18:50:22 IST" duration-ms="13622" status="PASS">
          <reporter-output>
          </reporter-output>
        </test-method> <!-- validateCheckOutTest -->
        <test-method is-config="true" signature="teardown()[pri:0, instance:smoke.ValidateCheckOut@1aa7ecca]" started-at="2025-03-25T18:50:22 IST" name="teardown" finished-at="2025-03-25T18:50:25 IST" duration-ms="2379" status="PASS">
          <reporter-output>
          </reporter-output>
        </test-method> <!-- teardown -->
      </class> <!-- smoke.ValidateCheckOut -->
    </test> <!-- Default test -->
  </suite> <!-- Default suite -->
</testng-results>
